<?xml version="1.0" encoding="UTF-8"?>
<!-- Generated by org.testng.reporters.JUnitReportReporter -->
<testsuite hostname="DESKTOP-CB523E7" failures="0" tests="3" name="com.inetbanking.testcases.TC_logintest_001" time="41.634" errors="0" timestamp="2024-02-11T15:17:02 IST" skipped="0">
  <testcase classname="com.inetbanking.testcases.TC_logintest_001" name="logintest" time="41.410"/>
  <system-out/>
  <testcase classname="com.inetbanking.testcases.TC_logintest_001" name="checktitle" time="0.029"/>
  <system-out/>
  <testcase classname="com.inetbanking.testcases.TC_logintest_001" name="checklogo" time="0.195"/>
  <system-out/>
</testsuite> <!-- com.inetbanking.testcases.TC_logintest_001 -->
