<?xml version="1.0" encoding="UTF-8"?>
<!-- Generated by org.testng.reporters.JUnitReportReporter -->
<testsuite hostname="DESKTOP-CB523E7" failures="0" tests="5" name="com.inetbanking.testcases.TC_Editcustomer_004" time="28.995" errors="0" timestamp="2024-02-11T14:17:20 IST" skipped="0">
  <testcase classname="com.inetbanking.testcases.TC_Editcustomer_004" name="checkHeader" time="0.175"/>
  <system-out/>
  <testcase classname="com.inetbanking.testcases.TC_Editcustomer_004" name="checklogo" time="0.109"/>
  <system-out/>
  <testcase classname="com.inetbanking.testcases.TC_Editcustomer_004" name="editcustomer" time="28.349"/>
  <system-out/>
  <testcase classname="com.inetbanking.testcases.TC_Editcustomer_004" name="gettitle" time="0.017"/>
  <system-out/>
  <testcase classname="com.inetbanking.testcases.TC_Editcustomer_004" name="checktitle" time="0.345"/>
  <system-out/>
</testsuite> <!-- com.inetbanking.testcases.TC_Editcustomer_004 -->
