<?xml version="1.0" encoding="UTF-8"?>
<!-- Generated by org.testng.reporters.JUnitReportReporter -->
<testsuite hostname="DESKTOP-CB523E7" failures="0" tests="5" name="com.inetbanking.testcases.TC_Editcustomer_004" time="95.345" errors="0" timestamp="2024-01-30T21:42:58 IST" skipped="0">
  <testcase classname="com.inetbanking.testcases.TC_Editcustomer_004" name="checklogo" time="0.100"/>
  <system-out/>
  <testcase classname="com.inetbanking.testcases.TC_Editcustomer_004" name="checkHeader" time="0.218"/>
  <system-out/>
  <testcase classname="com.inetbanking.testcases.TC_Editcustomer_004" name="editcustomer" time="94.425"/>
  <system-out/>
  <testcase classname="com.inetbanking.testcases.TC_Editcustomer_004" name="gettitle" time="0.022"/>
  <system-out/>
  <testcase classname="com.inetbanking.testcases.TC_Editcustomer_004" name="checktitle" time="0.580"/>
  <system-out/>
</testsuite> <!-- com.inetbanking.testcases.TC_Editcustomer_004 -->
