<?xml version="1.0" encoding="UTF-8"?>
<!-- Generated by org.testng.reporters.JUnitReportReporter -->
<testsuite hostname="DESKTOP-CB523E7" failures="0" tests="1" name="com.inetbanking.testcases.TC_logintest_001" time="11.535" errors="0" timestamp="2024-01-30T00:21:41 IST" skipped="0">
  <testcase classname="com.inetbanking.testcases.TC_logintest_001" name="logintest" time="11.535"/>
  <system-out/>
</testsuite> <!-- com.inetbanking.testcases.TC_logintest_001 -->
