<?xml version="1.0" encoding="UTF-8"?>
<!-- Generated by org.testng.reporters.JUnitReportReporter -->
<testsuite hostname="DESKTOP-CB523E7" failures="0" tests="1" name="com.inetbanking.testcases.TC_logintest_001" time="14.418" errors="0" timestamp="2024-01-30T14:06:45 IST" skipped="0">
  <testcase classname="com.inetbanking.testcases.TC_logintest_001" name="logintest" time="14.418"/>
  <system-out/>
</testsuite> <!-- com.inetbanking.testcases.TC_logintest_001 -->
